<?xml version="1.0" encoding="UTF-8"?>
<!-- Generated by org.testng.reporters.JUnitXMLReporter -->
<testsuite hostname="MacBook-Pro.local" ignored="0" tests="3" failures="0" timestamp="2022-02-24T12:39:45 EST" time="9.589" errors="0">
  <testcase name="verifyLandingPageLoaded" time="0.016" classname="WebstaurantStore_TC1"/>
  <testcase name="verifySearchResults" time="2.861" classname="WebstaurantStore_TC1"/>
  <testcase name="addToCartAndEmpty" time="5.18" classname="WebstaurantStore_TC1"/>
</testsuite>
